<?xml version="1.0" encoding="UTF-8"?>
<TestRun id="74ab2cab-87f5-422e-92bb-7decafb62f01" name="Steve@STEVEIBPDESKTOP 2011-01-02 15:41:13" runUser="SteveIBPDesktop\Steve" xmlns="http://microsoft.com/schemas/VisualStudio/TeamTest/2010">
  <TestSettings name="Local" id="e6a1fc17-02fa-4e07-98e5-acabec48e8d3">
    <Description>These are default test settings for a local test run.</Description>
    <Deployment enabled="false" runDeploymentRoot="Steve_STEVEIBPDESKTOP 2011-01-02 15_41_13" />
    <Execution>
      <TestTypeSpecific />
      <AgentRule name="Execution Agents">
      </AgentRule>
    </Execution>
  </TestSettings>
  <Times creation="2011-01-02T15:41:13.3445469-05:00" queuing="2011-01-02T15:41:13.5759922-05:00" start="2011-01-02T15:41:13.7381016-05:00" finish="2011-01-02T15:41:14.0584141-05:00" />
  <ResultSummary outcome="Completed">
    <Counters total="2" executed="2" passed="2" error="0" failed="0" timeout="0" aborted="0" inconclusive="0" passedButRunAborted="0" notRunnable="0" notExecuted="0" disconnected="0" warning="0" completed="0" inProgress="0" pending="0" />
  </ResultSummary>
  <TestDefinitions>
    <UnitTest name="RenderTwoRowsGivenOleDbDataAdapter" storage="c:\users\steve\documents\my dropbox\pluralsightcurrent\009 - adapter pattern\adapterdemo\adapterdemo\bin\debug\adapterdemo.dll" id="34ccdd56-52b7-929b-a031-57a17315043d">
      <Execution timeOut="1800000" id="4bc539aa-2548-4354-aead-ca854642a621" />
      <TestMethod codeBase="C:/Users/Steve/Documents/My Dropbox/PluralsightCurrent/009 - Adapter Pattern/AdapterDemo/AdapterDemo/bin/Debug/AdapterDemo.DLL" adapterTypeName="Microsoft.VisualStudio.TestTools.TestTypes.Unit.UnitTestAdapter, Microsoft.VisualStudio.QualityTools.Tips.UnitTest.Adapter, Version=10.0.0.0, Culture=neutral, PublicKeyToken=b03f5f7f11d50a3a" className="AdapterDemo.DataRendererShould, AdapterDemo, Version=1.0.0.0, Culture=neutral, PublicKeyToken=null" name="RenderTwoRowsGivenOleDbDataAdapter" />
    </UnitTest>
    <UnitTest name="RenderOneRowGivenStubDataAdapter" storage="c:\users\steve\documents\my dropbox\pluralsightcurrent\009 - adapter pattern\adapterdemo\adapterdemo\bin\debug\adapterdemo.dll" id="d481e579-8c80-a322-b33b-6e2da07cac96">
      <Execution timeOut="1800000" id="ff66a837-0318-4050-b167-633808f46f4d" />
      <TestMethod codeBase="C:/Users/Steve/Documents/My Dropbox/PluralsightCurrent/009 - Adapter Pattern/AdapterDemo/AdapterDemo/bin/Debug/AdapterDemo.DLL" adapterTypeName="Microsoft.VisualStudio.TestTools.TestTypes.Unit.UnitTestAdapter, Microsoft.VisualStudio.QualityTools.Tips.UnitTest.Adapter, Version=10.0.0.0, Culture=neutral, PublicKeyToken=b03f5f7f11d50a3a" className="AdapterDemo.DataRendererShould, AdapterDemo, Version=1.0.0.0, Culture=neutral, PublicKeyToken=null" name="RenderOneRowGivenStubDataAdapter" />
    </UnitTest>
  </TestDefinitions>
  <TestLists>
    <TestList name="Results Not in a List" id="8c84fa94-04c1-424b-9868-57a2d4851a1d" />
    <TestList name="All Loaded Results" id="19431567-8539-422a-85d7-44ee4e166bda" />
  </TestLists>
  <TestEntries>
    <TestEntry testId="d481e579-8c80-a322-b33b-6e2da07cac96" executionId="ff66a837-0318-4050-b167-633808f46f4d" testListId="8c84fa94-04c1-424b-9868-57a2d4851a1d" />
    <TestEntry testId="34ccdd56-52b7-929b-a031-57a17315043d" executionId="4bc539aa-2548-4354-aead-ca854642a621" testListId="8c84fa94-04c1-424b-9868-57a2d4851a1d" />
  </TestEntries>
  <Results>
    <UnitTestResult executionId="ff66a837-0318-4050-b167-633808f46f4d" testId="d481e579-8c80-a322-b33b-6e2da07cac96" testName="RenderOneRowGivenStubDataAdapter" computerName="STEVEIBPDESKTOP" duration="00:00:00.0212563" startTime="2011-01-02T15:41:13.7810703-05:00" endTime="2011-01-02T15:41:13.8591953-05:00" testType="13cdc9d9-ddb5-4fa4-a97d-d965ccfc6d4b" outcome="Passed" testListId="8c84fa94-04c1-424b-9868-57a2d4851a1d" relativeResultsDirectory="ff66a837-0318-4050-b167-633808f46f4d">
      <Output>
        <StdOut>Rendering Data:
        Id       Name Description 
         1    Adapter Adapter Description</StdOut>
      </Output>
    </UnitTestResult>
    <UnitTestResult executionId="4bc539aa-2548-4354-aead-ca854642a621" testId="34ccdd56-52b7-929b-a031-57a17315043d" testName="RenderTwoRowsGivenOleDbDataAdapter" computerName="STEVEIBPDESKTOP" duration="00:00:00.1345875" startTime="2011-01-02T15:41:13.8611485-05:00" endTime="2011-01-02T15:41:13.9968907-05:00" testType="13cdc9d9-ddb5-4fa4-a97d-d965ccfc6d4b" outcome="Passed" testListId="8c84fa94-04c1-424b-9868-57a2d4851a1d" relativeResultsDirectory="4bc539aa-2548-4354-aead-ca854642a621">
      <Output>
        <StdOut>Rendering Data:
        ID       Name Description 
         1  Singleton There can be only one. 
         2    Adapter Make it fit.</StdOut>
      </Output>
    </UnitTestResult>
  </Results>
</TestRun>