<?xml version="1.0" encoding="UTF-8"?>
<TestRun id="3d524322-33ef-4ebd-ae7a-11b0adc77984" name="Steve@STEVEIBPDESKTOP 2011-01-02 15:23:17" runUser="SteveIBPDesktop\Steve" xmlns="http://microsoft.com/schemas/VisualStudio/TeamTest/2010">
  <TestSettings name="Local" id="e6a1fc17-02fa-4e07-98e5-acabec48e8d3">
    <Description>These are default test settings for a local test run.</Description>
    <Deployment enabled="false" runDeploymentRoot="Steve_STEVEIBPDESKTOP 2011-01-02 15_23_17" />
    <Execution>
      <TestTypeSpecific />
      <AgentRule name="Execution Agents">
      </AgentRule>
    </Execution>
  </TestSettings>
  <Times creation="2011-01-02T15:23:17.6736485-05:00" queuing="2011-01-02T15:23:17.9080235-05:00" start="2011-01-02T15:23:18.0711094-05:00" finish="2011-01-02T15:23:18.2507969-05:00" />
  <ResultSummary outcome="Completed">
    <Counters total="1" executed="1" passed="1" error="0" failed="0" timeout="0" aborted="0" inconclusive="0" passedButRunAborted="0" notRunnable="0" notExecuted="0" disconnected="0" warning="0" completed="0" inProgress="0" pending="0" />
  </ResultSummary>
  <TestDefinitions>
    <UnitTest name="RenderOneRowGivenStubDataAdapter" storage="c:\users\steve\documents\my dropbox\pluralsightcurrent\009 - adapter pattern\adapterdemo\adapterdemo\bin\debug\adapterdemo.dll" id="2e5900ac-808e-5d07-0c14-fbd1f3c0ce4a">
      <Execution timeOut="1800000" id="addd3645-2586-411c-ba6c-c6feec872519" />
      <TestMethod codeBase="C:/Users/Steve/Documents/My Dropbox/PluralsightCurrent/009 - Adapter Pattern/AdapterDemo/AdapterDemo/bin/Debug/AdapterDemo.DLL" adapterTypeName="Microsoft.VisualStudio.TestTools.TestTypes.Unit.UnitTestAdapter, Microsoft.VisualStudio.QualityTools.Tips.UnitTest.Adapter, Version=10.0.0.0, Culture=neutral, PublicKeyToken=b03f5f7f11d50a3a" className="AdapterDemo.PatternRendererShould, AdapterDemo, Version=1.0.0.0, Culture=neutral, PublicKeyToken=null" name="RenderOneRowGivenStubDataAdapter" />
    </UnitTest>
  </TestDefinitions>
  <TestLists>
    <TestList name="Results Not in a List" id="8c84fa94-04c1-424b-9868-57a2d4851a1d" />
    <TestList name="All Loaded Results" id="19431567-8539-422a-85d7-44ee4e166bda" />
  </TestLists>
  <TestEntries>
    <TestEntry testId="2e5900ac-808e-5d07-0c14-fbd1f3c0ce4a" executionId="addd3645-2586-411c-ba6c-c6feec872519" testListId="8c84fa94-04c1-424b-9868-57a2d4851a1d" />
  </TestEntries>
  <Results>
    <UnitTestResult executionId="addd3645-2586-411c-ba6c-c6feec872519" testId="2e5900ac-808e-5d07-0c14-fbd1f3c0ce4a" testName="RenderOneRowGivenStubDataAdapter" computerName="STEVEIBPDESKTOP" duration="00:00:00.0163335" startTime="2011-01-02T15:23:18.1140782-05:00" endTime="2011-01-02T15:23:18.1853672-05:00" testType="13cdc9d9-ddb5-4fa4-a97d-d965ccfc6d4b" outcome="Passed" testListId="8c84fa94-04c1-424b-9868-57a2d4851a1d" relativeResultsDirectory="addd3645-2586-411c-ba6c-c6feec872519">
      <Output>
        <StdOut>Rendering Data:
        Id       Name Description 
         1</StdOut>
      </Output>
    </UnitTestResult>
  </Results>
</TestRun>