<?xml version="1.0" encoding="UTF-8"?>
<TestRun id="0f61ccae-11fe-46bf-9e97-7f344a3da939" name="Steve@STEVEIBPDESKTOP 2011-01-02 15:31:13" runUser="SteveIBPDesktop\Steve" xmlns="http://microsoft.com/schemas/VisualStudio/TeamTest/2010">
  <TestSettings name="Local" id="e6a1fc17-02fa-4e07-98e5-acabec48e8d3">
    <Description>These are default test settings for a local test run.</Description>
    <Deployment enabled="false" runDeploymentRoot="Steve_STEVEIBPDESKTOP 2011-01-02 15_31_13" />
    <Execution>
      <TestTypeSpecific />
      <AgentRule name="Execution Agents">
      </AgentRule>
    </Execution>
  </TestSettings>
  <Times creation="2011-01-02T15:31:13.7566563-05:00" queuing="2011-01-02T15:31:13.9978672-05:00" start="2011-01-02T15:31:14.1541172-05:00" finish="2011-01-02T15:31:14.4558750-05:00" />
  <ResultSummary outcome="Failed">
    <Counters total="2" executed="2" passed="1" error="0" failed="1" timeout="0" aborted="0" inconclusive="0" passedButRunAborted="0" notRunnable="0" notExecuted="0" disconnected="0" warning="0" completed="0" inProgress="0" pending="0" />
  </ResultSummary>
  <TestDefinitions>
    <UnitTest name="RenderTwoRowsGivenOleDbDataAdapter" storage="c:\users\steve\documents\my dropbox\pluralsightcurrent\009 - adapter pattern\adapterdemo\adapterdemo\bin\debug\adapterdemo.dll" id="75b6fafb-180d-2bf5-d5fb-c0f97a75bbbb">
      <Execution timeOut="1800000" id="b8a0ff6c-3232-4291-82e3-42e0d418f8bb" />
      <TestMethod codeBase="C:/Users/Steve/Documents/My Dropbox/PluralsightCurrent/009 - Adapter Pattern/AdapterDemo/AdapterDemo/bin/Debug/AdapterDemo.DLL" adapterTypeName="Microsoft.VisualStudio.TestTools.TestTypes.Unit.UnitTestAdapter, Microsoft.VisualStudio.QualityTools.Tips.UnitTest.Adapter, Version=10.0.0.0, Culture=neutral, PublicKeyToken=b03f5f7f11d50a3a" className="AdapterDemo.PatternRendererShould, AdapterDemo, Version=1.0.0.0, Culture=neutral, PublicKeyToken=null" name="RenderTwoRowsGivenOleDbDataAdapter" />
    </UnitTest>
    <UnitTest name="RenderOneRowGivenStubDataAdapter" storage="c:\users\steve\documents\my dropbox\pluralsightcurrent\009 - adapter pattern\adapterdemo\adapterdemo\bin\debug\adapterdemo.dll" id="2e5900ac-808e-5d07-0c14-fbd1f3c0ce4a">
      <Execution timeOut="1800000" id="84c30f7b-7396-41fc-93d8-d3446a9231ec" />
      <TestMethod codeBase="C:/Users/Steve/Documents/My Dropbox/PluralsightCurrent/009 - Adapter Pattern/AdapterDemo/AdapterDemo/bin/Debug/AdapterDemo.DLL" adapterTypeName="Microsoft.VisualStudio.TestTools.TestTypes.Unit.UnitTestAdapter, Microsoft.VisualStudio.QualityTools.Tips.UnitTest.Adapter, Version=10.0.0.0, Culture=neutral, PublicKeyToken=b03f5f7f11d50a3a" className="AdapterDemo.PatternRendererShould, AdapterDemo, Version=1.0.0.0, Culture=neutral, PublicKeyToken=null" name="RenderOneRowGivenStubDataAdapter" />
    </UnitTest>
  </TestDefinitions>
  <TestLists>
    <TestList name="Results Not in a List" id="8c84fa94-04c1-424b-9868-57a2d4851a1d" />
    <TestList name="All Loaded Results" id="19431567-8539-422a-85d7-44ee4e166bda" />
  </TestLists>
  <TestEntries>
    <TestEntry testId="2e5900ac-808e-5d07-0c14-fbd1f3c0ce4a" executionId="84c30f7b-7396-41fc-93d8-d3446a9231ec" testListId="8c84fa94-04c1-424b-9868-57a2d4851a1d" />
    <TestEntry testId="75b6fafb-180d-2bf5-d5fb-c0f97a75bbbb" executionId="b8a0ff6c-3232-4291-82e3-42e0d418f8bb" testListId="8c84fa94-04c1-424b-9868-57a2d4851a1d" />
  </TestEntries>
  <Results>
    <UnitTestResult executionId="84c30f7b-7396-41fc-93d8-d3446a9231ec" testId="2e5900ac-808e-5d07-0c14-fbd1f3c0ce4a" testName="RenderOneRowGivenStubDataAdapter" computerName="STEVEIBPDESKTOP" duration="00:00:00.0209342" startTime="2011-01-02T15:31:14.1951328-05:00" endTime="2011-01-02T15:31:14.2713047-05:00" testType="13cdc9d9-ddb5-4fa4-a97d-d965ccfc6d4b" outcome="Passed" testListId="8c84fa94-04c1-424b-9868-57a2d4851a1d" relativeResultsDirectory="84c30f7b-7396-41fc-93d8-d3446a9231ec">
      <Output>
        <StdOut>Rendering Data:
        Id       Name Description 
         1    Adapter Adapter Description</StdOut>
      </Output>
    </UnitTestResult>
    <UnitTestResult executionId="b8a0ff6c-3232-4291-82e3-42e0d418f8bb" testId="75b6fafb-180d-2bf5-d5fb-c0f97a75bbbb" testName="RenderTwoRowsGivenOleDbDataAdapter" computerName="STEVEIBPDESKTOP" duration="00:00:00.1158595" startTime="2011-01-02T15:31:14.2732578-05:00" endTime="2011-01-02T15:31:14.3894688-05:00" testType="13cdc9d9-ddb5-4fa4-a97d-d965ccfc6d4b" outcome="Failed" testListId="8c84fa94-04c1-424b-9868-57a2d4851a1d" relativeResultsDirectory="b8a0ff6c-3232-4291-82e3-42e0d418f8bb">
      <Output>
        <StdOut>Rendering Data:</StdOut>
        <ErrorInfo>
          <Message>Test method AdapterDemo.PatternRendererShould.RenderTwoRowsGivenOleDbDataAdapter threw exception: 
System.Data.OleDb.OleDbException: Invalid authorization specification</Message>
          <StackTrace>    at System.Data.OleDb.OleDbConnectionInternal..ctor(OleDbConnectionString constr, OleDbConnection connection)
   at System.Data.OleDb.OleDbConnectionFactory.CreateConnection(DbConnectionOptions options, Object poolGroupProviderInfo, DbConnectionPool pool, DbConnection owningObject)
   at System.Data.ProviderBase.DbConnectionFactory.CreateNonPooledConnection(DbConnection owningConnection, DbConnectionPoolGroup poolGroup)
   at System.Data.ProviderBase.DbConnectionFactory.GetConnection(DbConnection owningConnection)
   at System.Data.ProviderBase.DbConnectionClosed.OpenConnection(DbConnection outerConnection, DbConnectionFactory connectionFactory)
   at System.Data.OleDb.OleDbConnection.Open()
   at System.Data.Common.DbDataAdapter.FillInternal(DataSet dataset, DataTable[] datatables, Int32 startRecord, Int32 maxRecords, String srcTable, IDbCommand command, CommandBehavior behavior)
   at System.Data.Common.DbDataAdapter.Fill(DataSet dataSet, Int32 startRecord, Int32 maxRecords, String srcTable, IDbCommand command, CommandBehavior behavior)
   at System.Data.Common.DbDataAdapter.Fill(DataSet dataSet)
   at AdapterDemo.Model.PatternRenderer.Render(TextWriter writer) in C:\Users\Steve\Documents\My Dropbox\PluralsightCurrent\009 - Adapter Pattern\AdapterDemo\AdapterDemo\Model\PatternRenderer.cs:line 21
   at AdapterDemo.PatternRendererShould.RenderTwoRowsGivenOleDbDataAdapter() in C:\Users\Steve\Documents\My Dropbox\PluralsightCurrent\009 - Adapter Pattern\AdapterDemo\AdapterDemo\PatternRendererShould.cs:line 40
</StackTrace>
        </ErrorInfo>
      </Output>
    </UnitTestResult>
  </Results>
</TestRun>