<?xml version="1.0" encoding="UTF-8"?>
<TestRun id="e0dcb251-bff4-472a-98bb-a97d3a2afdef" name="Steve@STEVEIBPDESKTOP 2011-01-02 15:56:59" runUser="SteveIBPDesktop\Steve" xmlns="http://microsoft.com/schemas/VisualStudio/TeamTest/2010">
  <TestSettings name="Local" id="e6a1fc17-02fa-4e07-98e5-acabec48e8d3">
    <Description>These are default test settings for a local test run.</Description>
    <Deployment enabled="false" runDeploymentRoot="Steve_STEVEIBPDESKTOP 2011-01-02 15_56_59" />
    <Execution>
      <TestTypeSpecific />
      <AgentRule name="Execution Agents">
      </AgentRule>
    </Execution>
  </TestSettings>
  <Times creation="2011-01-02T15:56:59.3972813-05:00" queuing="2011-01-02T15:56:59.6277500-05:00" start="2011-01-02T15:56:59.7879063-05:00" finish="2011-01-02T15:56:59.9978672-05:00" />
  <ResultSummary outcome="Failed">
    <Counters total="1" executed="1" error="0" failed="1" timeout="0" aborted="0" inconclusive="0" passedButRunAborted="0" notRunnable="0" notExecuted="0" disconnected="0" warning="0" passed="0" completed="0" inProgress="0" pending="0" />
  </ResultSummary>
  <TestDefinitions>
    <UnitTest name="RenderOnePattern" storage="c:\users\steve\documents\my dropbox\pluralsightcurrent\009 - adapter pattern\adapterdemo\adapterdemo\bin\debug\adapterdemo.dll" id="9d133ea7-e5a1-e079-1004-6003d57d9a23">
      <Execution timeOut="1800000" id="f8e4e8ad-1bdf-4132-a872-d0e379e7a37e" />
      <TestMethod codeBase="C:/Users/Steve/Documents/My Dropbox/PluralsightCurrent/009 - Adapter Pattern/AdapterDemo/AdapterDemo/bin/Debug/AdapterDemo.DLL" adapterTypeName="Microsoft.VisualStudio.TestTools.TestTypes.Unit.UnitTestAdapter, Microsoft.VisualStudio.QualityTools.Tips.UnitTest.Adapter, Version=10.0.0.0, Culture=neutral, PublicKeyToken=b03f5f7f11d50a3a" className="AdapterDemo.PatternRendererShould, AdapterDemo, Version=1.0.0.0, Culture=neutral, PublicKeyToken=null" name="RenderOnePattern" />
    </UnitTest>
  </TestDefinitions>
  <TestLists>
    <TestList name="Results Not in a List" id="8c84fa94-04c1-424b-9868-57a2d4851a1d" />
    <TestList name="All Loaded Results" id="19431567-8539-422a-85d7-44ee4e166bda" />
  </TestLists>
  <TestEntries>
    <TestEntry testId="9d133ea7-e5a1-e079-1004-6003d57d9a23" executionId="f8e4e8ad-1bdf-4132-a872-d0e379e7a37e" testListId="8c84fa94-04c1-424b-9868-57a2d4851a1d" />
  </TestEntries>
  <Results>
    <UnitTestResult executionId="f8e4e8ad-1bdf-4132-a872-d0e379e7a37e" testId="9d133ea7-e5a1-e079-1004-6003d57d9a23" testName="RenderOnePattern" computerName="STEVEIBPDESKTOP" duration="00:00:00.0500987" startTime="2011-01-02T15:56:59.8289219-05:00" endTime="2011-01-02T15:56:59.9314610-05:00" testType="13cdc9d9-ddb5-4fa4-a97d-d965ccfc6d4b" outcome="Failed" testListId="8c84fa94-04c1-424b-9868-57a2d4851a1d" relativeResultsDirectory="f8e4e8ad-1bdf-4132-a872-d0e379e7a37e">
      <Output>
        <StdOut>Rendering Data:
        Id       Name Description 
         1 Pattern One Pattern One Description 
         2 Pattern Two Pattern Two Description</StdOut>
        <ErrorInfo>
          <Message>Assert.AreEqual failed. Expected:&lt;3&gt;. Actual:&lt;4&gt;. </Message>
          <StackTrace>   at AdapterDemo.PatternRendererShould.RenderOnePattern() in C:\Users\Steve\Documents\My Dropbox\PluralsightCurrent\009 - Adapter Pattern\AdapterDemo\AdapterDemo\Copy of DataRendererShould.cs:line 31
</StackTrace>
        </ErrorInfo>
      </Output>
    </UnitTestResult>
  </Results>
</TestRun>