<?xml version="1.0" encoding="UTF-8"?>
<TestRun id="7edf3721-f002-4e07-9b72-710338b98ee8" name="Steve@STEVEIBPDESKTOP 2011-01-02 15:58:26" runUser="SteveIBPDesktop\Steve" xmlns="http://microsoft.com/schemas/VisualStudio/TeamTest/2010">
  <TestSettings name="Local" id="e6a1fc17-02fa-4e07-98e5-acabec48e8d3">
    <Description>These are default test settings for a local test run.</Description>
    <Deployment enabled="false" runDeploymentRoot="Steve_STEVEIBPDESKTOP 2011-01-02 15_58_26" />
    <Execution>
      <TestTypeSpecific />
      <AgentRule name="Execution Agents">
      </AgentRule>
    </Execution>
  </TestSettings>
  <Times creation="2011-01-02T15:58:26.9763828-05:00" queuing="2011-01-02T15:58:27.2058750-05:00" start="2011-01-02T15:58:27.3601719-05:00" finish="2011-01-02T15:58:27.7019688-05:00" />
  <ResultSummary outcome="Completed">
    <Counters total="3" executed="3" passed="3" error="0" failed="0" timeout="0" aborted="0" inconclusive="0" passedButRunAborted="0" notRunnable="0" notExecuted="0" disconnected="0" warning="0" completed="0" inProgress="0" pending="0" />
  </ResultSummary>
  <TestDefinitions>
    <UnitTest name="RenderTwoRowsGivenOleDbDataAdapter" storage="c:\users\steve\documents\my dropbox\pluralsightcurrent\009 - adapter pattern\adapterdemo\adapterdemo\bin\debug\adapterdemo.dll" id="34ccdd56-52b7-929b-a031-57a17315043d">
      <Execution timeOut="1800000" id="8d5901bc-0c5f-4200-97b7-04df526ee0d2" />
      <TestMethod codeBase="C:/Users/Steve/Documents/My Dropbox/PluralsightCurrent/009 - Adapter Pattern/AdapterDemo/AdapterDemo/bin/Debug/AdapterDemo.DLL" adapterTypeName="Microsoft.VisualStudio.TestTools.TestTypes.Unit.UnitTestAdapter, Microsoft.VisualStudio.QualityTools.Tips.UnitTest.Adapter, Version=10.0.0.0, Culture=neutral, PublicKeyToken=b03f5f7f11d50a3a" className="AdapterDemo.DataRendererShould, AdapterDemo, Version=1.0.0.0, Culture=neutral, PublicKeyToken=null" name="RenderTwoRowsGivenOleDbDataAdapter" />
    </UnitTest>
    <UnitTest name="RenderOneRowGivenStubDataAdapter" storage="c:\users\steve\documents\my dropbox\pluralsightcurrent\009 - adapter pattern\adapterdemo\adapterdemo\bin\debug\adapterdemo.dll" id="d481e579-8c80-a322-b33b-6e2da07cac96">
      <Execution timeOut="1800000" id="79e3972d-ce77-48fb-873c-06e494d8f8d6" />
      <TestMethod codeBase="C:/Users/Steve/Documents/My Dropbox/PluralsightCurrent/009 - Adapter Pattern/AdapterDemo/AdapterDemo/bin/Debug/AdapterDemo.DLL" adapterTypeName="Microsoft.VisualStudio.TestTools.TestTypes.Unit.UnitTestAdapter, Microsoft.VisualStudio.QualityTools.Tips.UnitTest.Adapter, Version=10.0.0.0, Culture=neutral, PublicKeyToken=b03f5f7f11d50a3a" className="AdapterDemo.DataRendererShould, AdapterDemo, Version=1.0.0.0, Culture=neutral, PublicKeyToken=null" name="RenderOneRowGivenStubDataAdapter" />
    </UnitTest>
    <UnitTest name="RenderOnePattern" storage="c:\users\steve\documents\my dropbox\pluralsightcurrent\009 - adapter pattern\adapterdemo\adapterdemo\bin\debug\adapterdemo.dll" id="9d133ea7-e5a1-e079-1004-6003d57d9a23">
      <Execution timeOut="1800000" id="a3c4bcf0-b5e2-440e-afec-adf90b6a7db3" />
      <TestMethod codeBase="C:/Users/Steve/Documents/My Dropbox/PluralsightCurrent/009 - Adapter Pattern/AdapterDemo/AdapterDemo/bin/Debug/AdapterDemo.DLL" adapterTypeName="Microsoft.VisualStudio.TestTools.TestTypes.Unit.UnitTestAdapter, Microsoft.VisualStudio.QualityTools.Tips.UnitTest.Adapter, Version=10.0.0.0, Culture=neutral, PublicKeyToken=b03f5f7f11d50a3a" className="AdapterDemo.PatternRendererShould, AdapterDemo, Version=1.0.0.0, Culture=neutral, PublicKeyToken=null" name="RenderOnePattern" />
    </UnitTest>
  </TestDefinitions>
  <TestLists>
    <TestList name="Results Not in a List" id="8c84fa94-04c1-424b-9868-57a2d4851a1d" />
    <TestList name="All Loaded Results" id="19431567-8539-422a-85d7-44ee4e166bda" />
  </TestLists>
  <TestEntries>
    <TestEntry testId="d481e579-8c80-a322-b33b-6e2da07cac96" executionId="79e3972d-ce77-48fb-873c-06e494d8f8d6" testListId="8c84fa94-04c1-424b-9868-57a2d4851a1d" />
    <TestEntry testId="34ccdd56-52b7-929b-a031-57a17315043d" executionId="8d5901bc-0c5f-4200-97b7-04df526ee0d2" testListId="8c84fa94-04c1-424b-9868-57a2d4851a1d" />
    <TestEntry testId="9d133ea7-e5a1-e079-1004-6003d57d9a23" executionId="a3c4bcf0-b5e2-440e-afec-adf90b6a7db3" testListId="8c84fa94-04c1-424b-9868-57a2d4851a1d" />
  </TestEntries>
  <Results>
    <UnitTestResult executionId="79e3972d-ce77-48fb-873c-06e494d8f8d6" testId="d481e579-8c80-a322-b33b-6e2da07cac96" testName="RenderOneRowGivenStubDataAdapter" computerName="STEVEIBPDESKTOP" duration="00:00:00.0208978" startTime="2011-01-02T15:58:27.4021641-05:00" endTime="2011-01-02T15:58:27.4802891-05:00" testType="13cdc9d9-ddb5-4fa4-a97d-d965ccfc6d4b" outcome="Passed" testListId="8c84fa94-04c1-424b-9868-57a2d4851a1d" relativeResultsDirectory="79e3972d-ce77-48fb-873c-06e494d8f8d6">
      <Output>
        <StdOut>Rendering Data:
                  Id                 Name          Description 
                   1              Adapter  Adapter Description</StdOut>
      </Output>
    </UnitTestResult>
    <UnitTestResult executionId="8d5901bc-0c5f-4200-97b7-04df526ee0d2" testId="34ccdd56-52b7-929b-a031-57a17315043d" testName="RenderTwoRowsGivenOleDbDataAdapter" computerName="STEVEIBPDESKTOP" duration="00:00:00.1484883" startTime="2011-01-02T15:58:27.4822422-05:00" endTime="2011-01-02T15:58:27.6316563-05:00" testType="13cdc9d9-ddb5-4fa4-a97d-d965ccfc6d4b" outcome="Passed" testListId="8c84fa94-04c1-424b-9868-57a2d4851a1d" relativeResultsDirectory="8d5901bc-0c5f-4200-97b7-04df526ee0d2">
      <Output>
        <StdOut>Rendering Data:
                  ID                 Name          Description 
                   1            Singleton There can be only one. 
                   2              Adapter         Make it fit.</StdOut>
      </Output>
    </UnitTestResult>
    <UnitTestResult executionId="a3c4bcf0-b5e2-440e-afec-adf90b6a7db3" testId="9d133ea7-e5a1-e079-1004-6003d57d9a23" testName="RenderOnePattern" computerName="STEVEIBPDESKTOP" duration="00:00:00.0032975" startTime="2011-01-02T15:58:27.6326328-05:00" endTime="2011-01-02T15:58:27.6375157-05:00" testType="13cdc9d9-ddb5-4fa4-a97d-d965ccfc6d4b" outcome="Passed" testListId="8c84fa94-04c1-424b-9868-57a2d4851a1d" relativeResultsDirectory="a3c4bcf0-b5e2-440e-afec-adf90b6a7db3">
      <Output>
        <StdOut>Rendering Data:
                  Id                 Name          Description 
                   1          Pattern One Pattern One Description 
                   2          Pattern Two Pattern Two Description</StdOut>
      </Output>
    </UnitTestResult>
  </Results>
</TestRun>