<?xml version="1.0" encoding="UTF-8"?>
<TestRun id="928aa384-fb2e-45cb-947e-2e1bc3e208c3" name="Steve@STEVEIBPDESKTOP 2011-01-02 15:29:51" runUser="SteveIBPDesktop\Steve" xmlns="http://microsoft.com/schemas/VisualStudio/TeamTest/2010">
  <TestSettings name="Local" id="e6a1fc17-02fa-4e07-98e5-acabec48e8d3">
    <Description>These are default test settings for a local test run.</Description>
    <Deployment enabled="false" runDeploymentRoot="Steve_STEVEIBPDESKTOP 2011-01-02 15_29_51" />
    <Execution>
      <TestTypeSpecific />
      <AgentRule name="Execution Agents">
      </AgentRule>
    </Execution>
  </TestSettings>
  <Times creation="2011-01-02T15:29:51.1775547-05:00" queuing="2011-01-02T15:29:51.4158360-05:00" start="2011-01-02T15:29:51.5886875-05:00" finish="2011-01-02T15:29:51.8318516-05:00" />
  <ResultSummary outcome="Failed">
    <Counters total="1" executed="1" error="0" failed="1" timeout="0" aborted="0" inconclusive="0" passedButRunAborted="0" notRunnable="0" notExecuted="0" disconnected="0" warning="0" passed="0" completed="0" inProgress="0" pending="0" />
  </ResultSummary>
  <TestDefinitions>
    <UnitTest name="RenderTwoRowsGivenOleDbDataAdapter" storage="c:\users\steve\documents\my dropbox\pluralsightcurrent\009 - adapter pattern\adapterdemo\adapterdemo\bin\debug\adapterdemo.dll" id="75b6fafb-180d-2bf5-d5fb-c0f97a75bbbb">
      <Execution timeOut="1800000" id="5e5204fd-0516-492d-96a1-754b3e66cc62" />
      <TestMethod codeBase="C:/Users/Steve/Documents/My Dropbox/PluralsightCurrent/009 - Adapter Pattern/AdapterDemo/AdapterDemo/bin/Debug/AdapterDemo.DLL" adapterTypeName="Microsoft.VisualStudio.TestTools.TestTypes.Unit.UnitTestAdapter, Microsoft.VisualStudio.QualityTools.Tips.UnitTest.Adapter, Version=10.0.0.0, Culture=neutral, PublicKeyToken=b03f5f7f11d50a3a" className="AdapterDemo.PatternRendererShould, AdapterDemo, Version=1.0.0.0, Culture=neutral, PublicKeyToken=null" name="RenderTwoRowsGivenOleDbDataAdapter" />
    </UnitTest>
  </TestDefinitions>
  <TestLists>
    <TestList name="Results Not in a List" id="8c84fa94-04c1-424b-9868-57a2d4851a1d" />
    <TestList name="All Loaded Results" id="19431567-8539-422a-85d7-44ee4e166bda" />
  </TestLists>
  <TestEntries>
    <TestEntry testId="75b6fafb-180d-2bf5-d5fb-c0f97a75bbbb" executionId="5e5204fd-0516-492d-96a1-754b3e66cc62" testListId="8c84fa94-04c1-424b-9868-57a2d4851a1d" />
  </TestEntries>
  <Results>
    <UnitTestResult executionId="5e5204fd-0516-492d-96a1-754b3e66cc62" testId="75b6fafb-180d-2bf5-d5fb-c0f97a75bbbb" testName="RenderTwoRowsGivenOleDbDataAdapter" computerName="STEVEIBPDESKTOP" duration="00:00:00.0719821" startTime="2011-01-02T15:29:51.6277500-05:00" endTime="2011-01-02T15:29:51.7625157-05:00" testType="13cdc9d9-ddb5-4fa4-a97d-d965ccfc6d4b" outcome="Failed" testListId="8c84fa94-04c1-424b-9868-57a2d4851a1d" relativeResultsDirectory="5e5204fd-0516-492d-96a1-754b3e66cc62">
      <Output>
        <ErrorInfo>
          <Message>Test method AdapterDemo.PatternRendererShould.RenderTwoRowsGivenOleDbDataAdapter threw exception: 
System.ArgumentException: An OLE DB Provider was not specified in the ConnectionString.  An example would be, 'Provider=SQLOLEDB;'.</Message>
          <StackTrace>    at System.Data.OleDb.OleDbConnectionString.ValidateProvider(String progid)
   at System.Data.OleDb.OleDbConnectionString.ValidateConnectionString(String connectionString)
   at System.Data.OleDb.OleDbConnectionString..ctor(String connectionString, Boolean validate)
   at System.Data.OleDb.OleDbConnectionFactory.CreateConnectionOptions(String connectionString, DbConnectionOptions previous)
   at System.Data.ProviderBase.DbConnectionFactory.GetConnectionPoolGroup(String connectionString, DbConnectionPoolGroupOptions poolOptions, DbConnectionOptions&amp; userConnectionOptions)
   at System.Data.OleDb.OleDbConnection.ConnectionString_Set(String value)
   at System.Data.OleDb.OleDbConnection.set_ConnectionString(String value)
   at System.Data.OleDb.OleDbConnection..ctor(String connectionString)
   at AdapterDemo.PatternRendererShould.RenderTwoRowsGivenOleDbDataAdapter() in C:\Users\Steve\Documents\My Dropbox\PluralsightCurrent\009 - Adapter Pattern\AdapterDemo\AdapterDemo\PatternRendererShould.cs:line 36
</StackTrace>
        </ErrorInfo>
      </Output>
    </UnitTestResult>
  </Results>
</TestRun>